<?xml version="1.0" encoding="UTF-8"?>
<testng-results ignored="0" total="2" passed="2" failed="0" skipped="0">
  <reporter-output>
  </reporter-output>
  <suite started-at="2025-01-11T15:52:18 IST" name="Suite" finished-at="2025-01-11T15:52:30 IST" duration-ms="12052">
    <groups>
    </groups>
    <test started-at="2025-01-11T15:52:18 IST" name="EdgeTest" finished-at="2025-01-11T15:52:30 IST" duration-ms="12052">
      <class name="testCases.TC001_AccountRegistrationTest">
        <test-method is-config="true" signature="setUp(java.lang.String,java.lang.String)[pri:0, instance:testCases.TC001_AccountRegistrationTest@4562e04d]" started-at="2025-01-11T15:52:18 IST" name="setUp" finished-at="2025-01-11T15:52:24 IST" duration-ms="5733" status="PASS">
          <params>
            <param index="0">
              <value>
                <![CDATA[windows]]>
              </value>
            </param>
            <param index="1">
              <value>
                <![CDATA[chrome]]>
              </value>
            </param>
          </params>
          <reporter-output>
          </reporter-output>
        </test-method> <!-- setUp -->
        <test-method signature="verifyAccountregistration()[pri:0, instance:testCases.TC001_AccountRegistrationTest@4562e04d]" started-at="2025-01-11T15:52:24 IST" name="verifyAccountregistration" finished-at="2025-01-11T15:52:25 IST" duration-ms="1860" status="PASS">
          <reporter-output>
          </reporter-output>
        </test-method> <!-- verifyAccountregistration -->
        <test-method is-config="true" signature="tearDown()[pri:0, instance:testCases.TC001_AccountRegistrationTest@4562e04d]" started-at="2025-01-11T15:52:25 IST" name="tearDown" finished-at="2025-01-11T15:52:26 IST" duration-ms="143" status="PASS">
          <reporter-output>
          </reporter-output>
        </test-method> <!-- tearDown -->
      </class> <!-- testCases.TC001_AccountRegistrationTest -->
      <class name="testCases.TC002_AccountLoginTest">
        <test-method is-config="true" signature="setUp(java.lang.String,java.lang.String)[pri:0, instance:testCases.TC002_AccountLoginTest@2a4fb17b]" started-at="2025-01-11T15:52:26 IST" name="setUp" finished-at="2025-01-11T15:52:28 IST" duration-ms="2875" status="PASS">
          <params>
            <param index="0">
              <value>
                <![CDATA[windows]]>
              </value>
            </param>
            <param index="1">
              <value>
                <![CDATA[chrome]]>
              </value>
            </param>
          </params>
          <reporter-output>
          </reporter-output>
        </test-method> <!-- setUp -->
        <test-method signature="accountLogin()[pri:0, instance:testCases.TC002_AccountLoginTest@2a4fb17b]" started-at="2025-01-11T15:52:28 IST" name="accountLogin" finished-at="2025-01-11T15:52:30 IST" duration-ms="1284" status="PASS">
          <reporter-output>
          </reporter-output>
        </test-method> <!-- accountLogin -->
        <test-method is-config="true" signature="tearDown()[pri:0, instance:testCases.TC002_AccountLoginTest@2a4fb17b]" started-at="2025-01-11T15:52:30 IST" name="tearDown" finished-at="2025-01-11T15:52:30 IST" duration-ms="125" status="PASS">
          <reporter-output>
          </reporter-output>
        </test-method> <!-- tearDown -->
      </class> <!-- testCases.TC002_AccountLoginTest -->
    </test> <!-- EdgeTest -->
  </suite> <!-- Suite -->
</testng-results>
